Using pre-set license
Built from '2020.3/staging' branch; Version is '2020.3.25f1 (9b9180224418) revision 10195328'; Using compiler version '192528614'; Build Type 'Release'
OS: 'Windows 10  (10.0.19044) 64bit Professional' Language: 'es' Physical Memory: 16344 MB
BatchMode: 1, IsHumanControllingUs: 0, StartBugReporterOnCrash: 0, Is64bit: 1, IsPro: 0

COMMAND LINE ARGUMENTS:
C:\Program Files\Unity\Hub\Editor\2020.3.25f1\Editor\Unity.exe
-adb2
-batchMode
-noUpm
-name
AssetImportWorker1
-projectPath
C:/Users/USUARIO/Documents/GitHub/OnesRedemptionV1.1/One'sRedemption
-logFile
Logs/AssetImportWorker1.log
-srvPort
59308
Successfully changed project path to: C:/Users/USUARIO/Documents/GitHub/OnesRedemptionV1.1/One'sRedemption
C:/Users/USUARIO/Documents/GitHub/OnesRedemptionV1.1/One'sRedemption
Using Asset Import Pipeline V2.
Refreshing native plugins compatible for Editor in 133.73 ms, found 2 plugins.
Preloading 0 native plugins for Editor in 0.00 ms.
Initialize engine version: 2020.3.25f1 (9b9180224418)
[Subsystems] Discovering subsystems at path C:/Program Files/Unity/Hub/Editor/2020.3.25f1/Editor/Data/Resources/UnitySubsystems
[Subsystems] Discovering subsystems at path C:/Users/USUARIO/Documents/GitHub/OnesRedemptionV1.1/One'sRedemption/Assets
GfxDevice: creating device client; threaded=0
Direct3D:
    Version:  Direct3D 11.0 [level 11.1]
    Renderer: Radeon RX 560 Series (ID=0x67ef)
    Vendor:   
    VRAM:     4074 MB
    Driver:   30.0.21017.1000
Initialize mono
Mono path[0] = 'C:/Program Files/Unity/Hub/Editor/2020.3.25f1/Editor/Data/Managed'
Mono path[1] = 'C:/Program Files/Unity/Hub/Editor/2020.3.25f1/Editor/Data/MonoBleedingEdge/lib/mono/unityjit'
Mono config path = 'C:/Program Files/Unity/Hub/Editor/2020.3.25f1/Editor/Data/MonoBleedingEdge/etc'
Using monoOptions --debugger-agent=transport=dt_socket,embedding=1,server=y,suspend=n,address=127.0.0.1:56584
Begin MonoManager ReloadAssembly
Registering precompiled unity dll's ...
Register platform support module: C:/Program Files/Unity/Hub/Editor/2020.3.25f1/Editor/Data/PlaybackEngines/WindowsStandaloneSupport/UnityEditor.WindowsStandalone.Extensions.dll
Registered in 0.003665 seconds.
Native extension for WindowsStandalone target not found
Refreshing native plugins compatible for Editor in 75.02 ms, found 2 plugins.
Preloading 0 native plugins for Editor in 0.00 ms.
Mono: successfully reloaded assembly
- Completed reload, in  1.037 seconds
Domain Reload Profiling:
	ReloadAssembly (1037ms)
		BeginReloadAssembly (90ms)
			ExecutionOrderSort (0ms)
			DisableScriptedObjects (0ms)
			BackupInstance (0ms)
			ReleaseScriptingObjects (0ms)
			CreateAndSetChildDomain (1ms)
		EndReloadAssembly (816ms)
			LoadAssemblies (85ms)
			RebuildTransferFunctionScriptingTraits (0ms)
			SetupTypeCache (286ms)
			ReleaseScriptCaches (0ms)
			RebuildScriptCaches (54ms)
			SetupLoadedEditorAssemblies (290ms)
				LogAssemblyErrors (0ms)
				InitializePlatformSupportModulesInManaged (7ms)
				SetLoadedEditorAssemblies (0ms)
				RefreshPlugins (75ms)
				BeforeProcessingInitializeOnLoad (26ms)
				ProcessInitializeOnLoadAttributes (129ms)
				ProcessInitializeOnLoadMethodAttributes (52ms)
				AfterProcessingInitializeOnLoad (0ms)
				EditorAssembliesLoaded (0ms)
			ExecutionOrderSort2 (0ms)
			AwakeInstancesAfterBackupRestoration (0ms)
Platform modules already initialized, skipping
Registering precompiled user dll's ...
Registered in 0.007284 seconds.
Begin MonoManager ReloadAssembly
Symbol file data-00000201887E9D90 doesn't match image C:\Users\USUARIO\Documents\GitHub\OnesRedemptionV1.1\One'sRedemption\Library\ScriptAssemblies\Unity.ProBuilder.KdTree.dll
Symbol file LoadedFromMemory is not a mono symbol file
Symbol file data-000002018B357A10 doesn't match image C:\Users\USUARIO\Documents\GitHub\OnesRedemptionV1.1\One'sRedemption\Library\ScriptAssemblies\Unity.Services.Core.Editor.dll
Symbol file LoadedFromMemory is not a mono symbol file
Symbol file data-0000020188A73020 doesn't match image C:\Users\USUARIO\Documents\GitHub\OnesRedemptionV1.1\One'sRedemption\Library\ScriptAssemblies\Unity.VSCode.Editor.dll
Symbol file LoadedFromMemory is not a mono symbol file
Symbol file data-0000020188A73020 doesn't match image C:\Users\USUARIO\Documents\GitHub\OnesRedemptionV1.1\One'sRedemption\Library\ScriptAssemblies\Unity.ProBuilder.AssetIdRemapUtility.dll
Symbol file LoadedFromMemory is not a mono symbol file
Symbol file data-00000201883CBD40 doesn't match image C:\Users\USUARIO\Documents\GitHub\OnesRedemptionV1.1\One'sRedemption\Library\ScriptAssemblies\Unity.ProBuilder.Stl.dll
Symbol file LoadedFromMemory is not a mono symbol file
Symbol file data-000002018868C010 doesn't match image C:\Users\USUARIO\Documents\GitHub\OnesRedemptionV1.1\One'sRedemption\Library\ScriptAssemblies\Unity.TextMeshPro.Editor.dll
Symbol file LoadedFromMemory is not a mono symbol file
Symbol file data-000002018B357A10 doesn't match image C:\Users\USUARIO\Documents\GitHub\OnesRedemptionV1.1\One'sRedemption\Library\ScriptAssemblies\Unity.VisualStudio.Editor.dll
Symbol file LoadedFromMemory is not a mono symbol file
Symbol file data-00000201886F0030 doesn't match image C:\Users\USUARIO\Documents\GitHub\OnesRedemptionV1.1\One'sRedemption\Library\ScriptAssemblies\Unity.ProBuilder.AddOns.Editor.dll
Symbol file LoadedFromMemory is not a mono symbol file
Symbol file data-0000020189EED890 doesn't match image C:\Users\USUARIO\Documents\GitHub\OnesRedemptionV1.1\One'sRedemption\Library\ScriptAssemblies\Unity.Settings.Editor.dll
Symbol file LoadedFromMemory is not a mono symbol file
Symbol file data-000002018BBCF010 doesn't match image C:\Users\USUARIO\Documents\GitHub\OnesRedemptionV1.1\One'sRedemption\Library\ScriptAssemblies\UnityEngine.TestRunner.dll
Symbol file LoadedFromMemory is not a mono symbol file
Symbol file data-000002018A7F5020 doesn't match image C:\Users\USUARIO\Documents\GitHub\OnesRedemptionV1.1\One'sRedemption\Library\ScriptAssemblies\Unity.Timeline.Editor.dll
Symbol file LoadedFromMemory is not a mono symbol file
Symbol file data-0000020188A2B130 doesn't match image C:\Users\USUARIO\Documents\GitHub\OnesRedemptionV1.1\One'sRedemption\Library\ScriptAssemblies\Unity.Timeline.dll
Symbol file LoadedFromMemory is not a mono symbol file
Symbol file data-000002018BBD7020 doesn't match image C:\Users\USUARIO\Documents\GitHub\OnesRedemptionV1.1\One'sRedemption\Library\ScriptAssemblies\Unity.TextMeshPro.dll
Symbol file LoadedFromMemory is not a mono symbol file
Symbol file data-0000020188A2B130 doesn't match image C:\Users\USUARIO\Documents\GitHub\OnesRedemptionV1.1\One'sRedemption\Library\ScriptAssemblies\Unity.CollabProxy.Editor.dll
Symbol file LoadedFromMemory is not a mono symbol file
Symbol file data-00000201884A7430 doesn't match image C:\Users\USUARIO\Documents\GitHub\OnesRedemptionV1.1\One'sRedemption\Library\ScriptAssemblies\Unity.ProBuilder.Csg.dll
Symbol file LoadedFromMemory is not a mono symbol file
Symbol file data-000002018A823230 doesn't match image C:\Users\USUARIO\Documents\GitHub\OnesRedemptionV1.1\One'sRedemption\Library\ScriptAssemblies\UnityEditor.TestRunner.dll
Symbol file LoadedFromMemory is not a mono symbol file
Symbol file data-000002018A4F6020 doesn't match image C:\Users\USUARIO\Documents\GitHub\OnesRedemptionV1.1\One'sRedemption\Library\ScriptAssemblies\Unity.ProBuilder.dll
Symbol file LoadedFromMemory is not a mono symbol file
Symbol file data-000002018A4F6020 doesn't match image C:\Users\USUARIO\Documents\GitHub\OnesRedemptionV1.1\One'sRedemption\Library\ScriptAssemblies\Unity.ProBuilder.Editor.dll
Symbol file LoadedFromMemory is not a mono symbol file
Symbol file data-000002018B357A10 doesn't match image C:\Users\USUARIO\Documents\GitHub\OnesRedemptionV1.1\One'sRedemption\Library\ScriptAssemblies\UnityEditor.UI.dll
Symbol file LoadedFromMemory is not a mono symbol file
Symbol file data-000002018A6AF010 doesn't match image C:\Users\USUARIO\Documents\GitHub\OnesRedemptionV1.1\One'sRedemption\Library\ScriptAssemblies\Unity.PlasticSCM.Editor.dll
Symbol file LoadedFromMemory is not a mono symbol file
Symbol file data-000002018A972820 doesn't match image C:\Users\USUARIO\Documents\GitHub\OnesRedemptionV1.1\One'sRedemption\Library\ScriptAssemblies\Unity.Rider.Editor.dll
Symbol file LoadedFromMemory is not a mono symbol file
Symbol file data-000002018A972820 doesn't match image C:\Users\USUARIO\Documents\GitHub\OnesRedemptionV1.1\One'sRedemption\Library\ScriptAssemblies\Unity.ProGrids.Editor.dll
Symbol file LoadedFromMemory is not a mono symbol file
Symbol file data-000002018A519E40 doesn't match image C:\Users\USUARIO\Documents\GitHub\OnesRedemptionV1.1\One'sRedemption\Library\ScriptAssemblies\UnityEngine.UI.dll
Symbol file LoadedFromMemory is not a mono symbol file
Symbol file data-0000020188A4D7B0 doesn't match image C:\Users\USUARIO\Documents\GitHub\OnesRedemptionV1.1\One'sRedemption\Library\ScriptAssemblies\Unity.ProGrids.dll
Symbol file LoadedFromMemory is not a mono symbol file
Symbol file data-000002018AE5D630 doesn't match image C:\Users\USUARIO\Documents\GitHub\OnesRedemptionV1.1\One'sRedemption\Library\ScriptAssemblies\Unity.ProBuilder.Poly2Tri.dll
Symbol file LoadedFromMemory is not a mono symbol file
Native extension for WindowsStandalone target not found
Refreshing native plugins compatible for Editor in 0.95 ms, found 2 plugins.
Preloading 0 native plugins for Editor in 0.00 ms.
Mono: successfully reloaded assembly
- Completed reload, in  2.379 seconds
Domain Reload Profiling:
	ReloadAssembly (2382ms)
		BeginReloadAssembly (295ms)
			ExecutionOrderSort (0ms)
			DisableScriptedObjects (7ms)
			BackupInstance (0ms)
			ReleaseScriptingObjects (0ms)
			CreateAndSetChildDomain (35ms)
		EndReloadAssembly (1887ms)
			LoadAssemblies (479ms)
			RebuildTransferFunctionScriptingTraits (0ms)
			SetupTypeCache (541ms)
			ReleaseScriptCaches (1ms)
			RebuildScriptCaches (94ms)
			SetupLoadedEditorAssemblies (586ms)
				LogAssemblyErrors (0ms)
				InitializePlatformSupportModulesInManaged (9ms)
				SetLoadedEditorAssemblies (1ms)
				RefreshPlugins (1ms)
				BeforeProcessingInitializeOnLoad (170ms)
				ProcessInitializeOnLoadAttributes (376ms)
				ProcessInitializeOnLoadMethodAttributes (16ms)
				AfterProcessingInitializeOnLoad (13ms)
				EditorAssembliesLoaded (0ms)
			ExecutionOrderSort2 (0ms)
			AwakeInstancesAfterBackupRestoration (11ms)
Platform modules already initialized, skipping
========================================================================
Worker process is ready to serve import requests
Launched and connected shader compiler UnityShaderCompiler.exe after 0.32 seconds
Refreshing native plugins compatible for Editor in 1.01 ms, found 2 plugins.
Preloading 0 native plugins for Editor in 0.00 ms.
Unloading 1945 Unused Serialized files (Serialized files now loaded: 0)
System memory in use before: 101.9 MB.
System memory in use after: 102.0 MB.

Unloading 16 unused Assets to reduce memory usage. Loaded Objects now: 2410.
Total: 5.036800 ms (FindLiveObjects: 0.371500 ms CreateObjectMapping: 0.117200 ms MarkObjects: 4.309400 ms  DeleteObjects: 0.235600 ms)

AssetImportParameters requested are different than current active one (requested -> active):
  custom:framework-win-MediaFoundation: 216162199b28c13a410421893ffa2e32 -> 
  custom:video-decoder-ogg-theora: a1e56fd34408186e4bbccfd4996cb3dc -> 
  custom:container-muxer-webm: aa71ff27fc2769a1b78a27578f13a17b -> 
  custom:container-demuxer-webm: 4f35f7cbe854078d1ac9338744f61a02 -> 
  custom:container-demuxer-ogg: 62fdf1f143b41e24485cea50d1cbac27 -> 
  custom:video-encoder-webm-vp8: eb34c28f22e8b96e1ab97ce403110664 -> 
  custom:video-decoder-webm-vp8: 9c59270c3fd7afecdb556c50c9e8de78 -> 
  custom:audio-decoder-ogg-vorbis: bf7c407c2cedff20999df2af8eb42d56 -> 
  custom:audio-encoder-webm-vorbis: bf7c407c2cedff20999df2af8eb42d56 -> 
========================================================================
Received Import Request.
  path: Assets/Prefabs/VFXs
  artifactKey: Guid(c09f0fd73f5644643abf4ccd846a3fff) Importer(815301076,1909f56bfc062723c751e8b465ee728b)
Start importing Assets/Prefabs/VFXs using Guid(c09f0fd73f5644643abf4ccd846a3fff) Importer(815301076,1909f56bfc062723c751e8b465ee728b)  -> (artifact id: 'f2edb5596634b666631fb52c3945c9a8') in 0.017244 seconds 
  Import took 0.022214 seconds .

========================================================================
Received Import Request.
  Time since last request: 0.000263 seconds.
  path: Assets/Prefabs/Main Camera.prefab
  artifactKey: Guid(a999d7caea572cb4882ce8f2dc8de628) Importer(815301076,1909f56bfc062723c751e8b465ee728b)
Start importing Assets/Prefabs/Main Camera.prefab using Guid(a999d7caea572cb4882ce8f2dc8de628) Importer(815301076,1909f56bfc062723c751e8b465ee728b)  -> (artifact id: 'd21af16a9120314197f250407c968bf1') in 0.143410 seconds 
  Import took 0.147968 seconds .

========================================================================
Received Import Request.
  Time since last request: 0.000309 seconds.
  path: Assets/Scripts/Obstacle.cs
  artifactKey: Guid(a8549731b9b29e5448950e9678f8bae7) Importer(815301076,1909f56bfc062723c751e8b465ee728b)
Start importing Assets/Scripts/Obstacle.cs using Guid(a8549731b9b29e5448950e9678f8bae7) Importer(815301076,1909f56bfc062723c751e8b465ee728b)  -> (artifact id: '7b280b383fd6869e7b64daae87a7f759') in 0.131243 seconds 
  Import took 0.143395 seconds .

========================================================================
Received Import Request.
  Time since last request: 0.000626 seconds.
  path: Assets/Prefabs/Caja.prefab
  artifactKey: Guid(10045883c0631ed438197c8d6509fd1e) Importer(815301076,1909f56bfc062723c751e8b465ee728b)
Start importing Assets/Prefabs/Caja.prefab using Guid(10045883c0631ed438197c8d6509fd1e) Importer(815301076,1909f56bfc062723c751e8b465ee728b)  -> (artifact id: '11a665aa57744fa2a4b02ef36decca94') in 0.288208 seconds 
  Import took 0.294702 seconds .

========================================================================
Received Import Request.
  Time since last request: 0.000319 seconds.
  path: Assets/Prefabs/Caballero Pose T.prefab
  artifactKey: Guid(531693e2f99a4984d97ecc6d58d04354) Importer(815301076,1909f56bfc062723c751e8b465ee728b)
Start importing Assets/Prefabs/Caballero Pose T.prefab using Guid(531693e2f99a4984d97ecc6d58d04354) Importer(815301076,1909f56bfc062723c751e8b465ee728b)  -> (artifact id: '5bd559aab57834027f84b82c2cd1881b') in 0.055550 seconds 
  Import took 0.061299 seconds .

========================================================================
Received Import Request.
  Time since last request: 0.000371 seconds.
  path: Assets/Prefabs/Cube.prefab
  artifactKey: Guid(d23f1aa8228737c44bcfc5e038520f8b) Importer(815301076,1909f56bfc062723c751e8b465ee728b)
Start importing Assets/Prefabs/Cube.prefab using Guid(d23f1aa8228737c44bcfc5e038520f8b) Importer(815301076,1909f56bfc062723c751e8b465ee728b)  -> (artifact id: 'b56961bb17a132ba6521e647dd14c068') in 0.118479 seconds 
  Import took 0.123778 seconds .

========================================================================
Received Prepare
Registering precompiled user dll's ...
Registered in 0.005771 seconds.
Begin MonoManager ReloadAssembly
Symbol file data-000002018E3860C0 doesn't match image C:\Users\USUARIO\Documents\GitHub\OnesRedemptionV1.1\One'sRedemption\Library\ScriptAssemblies\Unity.ProBuilder.KdTree.dll
Symbol file LoadedFromMemory is not a mono symbol file
Symbol file data-000002018862B020 doesn't match image C:\Users\USUARIO\Documents\GitHub\OnesRedemptionV1.1\One'sRedemption\Library\ScriptAssemblies\Unity.Services.Core.Editor.dll
Symbol file LoadedFromMemory is not a mono symbol file
Symbol file data-000002018B819680 doesn't match image C:\Users\USUARIO\Documents\GitHub\OnesRedemptionV1.1\One'sRedemption\Library\ScriptAssemblies\Unity.VSCode.Editor.dll
Symbol file LoadedFromMemory is not a mono symbol file
Symbol file data-00000201884AB1A0 doesn't match image C:\Users\USUARIO\Documents\GitHub\OnesRedemptionV1.1\One'sRedemption\Library\ScriptAssemblies\Unity.ProBuilder.AssetIdRemapUtility.dll
Symbol file LoadedFromMemory is not a mono symbol file
Symbol file data-000002018EF89A30 doesn't match image C:\Users\USUARIO\Documents\GitHub\OnesRedemptionV1.1\One'sRedemption\Library\ScriptAssemblies\Unity.ProBuilder.Stl.dll
Symbol file LoadedFromMemory is not a mono symbol file
Symbol file data-0000020188935030 doesn't match image C:\Users\USUARIO\Documents\GitHub\OnesRedemptionV1.1\One'sRedemption\Library\ScriptAssemblies\Unity.TextMeshPro.Editor.dll
Symbol file LoadedFromMemory is not a mono symbol file
Symbol file data-0000020188A83070 doesn't match image C:\Users\USUARIO\Documents\GitHub\OnesRedemptionV1.1\One'sRedemption\Library\ScriptAssemblies\Unity.VisualStudio.Editor.dll
Symbol file LoadedFromMemory is not a mono symbol file
Symbol file data-000002018E54F0C0 doesn't match image C:\Users\USUARIO\Documents\GitHub\OnesRedemptionV1.1\One'sRedemption\Library\ScriptAssemblies\Unity.ProBuilder.AddOns.Editor.dll
Symbol file LoadedFromMemory is not a mono symbol file
Symbol file data-000002018BD70040 doesn't match image C:\Users\USUARIO\Documents\GitHub\OnesRedemptionV1.1\One'sRedemption\Library\ScriptAssemblies\Unity.Settings.Editor.dll
Symbol file LoadedFromMemory is not a mono symbol file
Symbol file data-0000020189EE7290 doesn't match image C:\Users\USUARIO\Documents\GitHub\OnesRedemptionV1.1\One'sRedemption\Library\ScriptAssemblies\UnityEngine.TestRunner.dll
Symbol file LoadedFromMemory is not a mono symbol file
Symbol file data-000002018E9B6760 doesn't match image C:\Users\USUARIO\Documents\GitHub\OnesRedemptionV1.1\One'sRedemption\Library\ScriptAssemblies\Unity.Timeline.Editor.dll
Symbol file LoadedFromMemory is not a mono symbol file
Symbol file data-000002018B6503B0 doesn't match image C:\Users\USUARIO\Documents\GitHub\OnesRedemptionV1.1\One'sRedemption\Library\ScriptAssemblies\Unity.Timeline.dll
Symbol file LoadedFromMemory is not a mono symbol file
Symbol file data-000002018A5C3020 doesn't match image C:\Users\USUARIO\Documents\GitHub\OnesRedemptionV1.1\One'sRedemption\Library\ScriptAssemblies\Unity.TextMeshPro.dll
Symbol file LoadedFromMemory is not a mono symbol file
Symbol file data-000002018B6503B0 doesn't match image C:\Users\USUARIO\Documents\GitHub\OnesRedemptionV1.1\One'sRedemption\Library\ScriptAssemblies\Unity.CollabProxy.Editor.dll
Symbol file LoadedFromMemory is not a mono symbol file
Symbol file data-00000201884A7430 doesn't match image C:\Users\USUARIO\Documents\GitHub\OnesRedemptionV1.1\One'sRedemption\Library\ScriptAssemblies\Unity.ProBuilder.Csg.dll
Symbol file LoadedFromMemory is not a mono symbol file
Symbol file data-000002018B380010 doesn't match image C:\Users\USUARIO\Documents\GitHub\OnesRedemptionV1.1\One'sRedemption\Library\ScriptAssemblies\UnityEditor.TestRunner.dll
Symbol file LoadedFromMemory is not a mono symbol file
Symbol file data-000002018ADD1A60 doesn't match image C:\Users\USUARIO\Documents\GitHub\OnesRedemptionV1.1\One'sRedemption\Library\ScriptAssemblies\Unity.ProBuilder.dll
Symbol file LoadedFromMemory is not a mono symbol file
Symbol file data-000002018BBCF010 doesn't match image C:\Users\USUARIO\Documents\GitHub\OnesRedemptionV1.1\One'sRedemption\Library\ScriptAssemblies\Unity.ProBuilder.Editor.dll
Symbol file LoadedFromMemory is not a mono symbol file
Symbol file data-0000020188A83070 doesn't match image C:\Users\USUARIO\Documents\GitHub\OnesRedemptionV1.1\One'sRedemption\Library\ScriptAssemblies\UnityEditor.UI.dll
Symbol file LoadedFromMemory is not a mono symbol file
Symbol file data-000002018E9B6760 doesn't match image C:\Users\USUARIO\Documents\GitHub\OnesRedemptionV1.1\One'sRedemption\Library\ScriptAssemblies\Unity.PlasticSCM.Editor.dll
Symbol file LoadedFromMemory is not a mono symbol file
Symbol file data-000002018862B020 doesn't match image C:\Users\USUARIO\Documents\GitHub\OnesRedemptionV1.1\One'sRedemption\Library\ScriptAssemblies\Unity.Rider.Editor.dll
Symbol file LoadedFromMemory is not a mono symbol file
Symbol file data-000002018862B020 doesn't match image C:\Users\USUARIO\Documents\GitHub\OnesRedemptionV1.1\One'sRedemption\Library\ScriptAssemblies\Unity.ProGrids.Editor.dll
Symbol file LoadedFromMemory is not a mono symbol file
Symbol file data-000002018EB58030 doesn't match image C:\Users\USUARIO\Documents\GitHub\OnesRedemptionV1.1\One'sRedemption\Library\ScriptAssemblies\UnityEngine.UI.dll
Symbol file LoadedFromMemory is not a mono symbol file
Symbol file data-000002018B2C57D0 doesn't match image C:\Users\USUARIO\Documents\GitHub\OnesRedemptionV1.1\One'sRedemption\Library\ScriptAssemblies\Unity.ProGrids.dll
Symbol file LoadedFromMemory is not a mono symbol file
Symbol file data-000002018E30B040 doesn't match image C:\Users\USUARIO\Documents\GitHub\OnesRedemptionV1.1\One'sRedemption\Library\ScriptAssemblies\Unity.ProBuilder.Poly2Tri.dll
Symbol file LoadedFromMemory is not a mono symbol file
Native extension for WindowsStandalone target not found
Refreshing native plugins compatible for Editor in 1.08 ms, found 2 plugins.
Preloading 0 native plugins for Editor in 0.00 ms.
Mono: successfully reloaded assembly
- Completed reload, in  1.823 seconds
Domain Reload Profiling:
	ReloadAssembly (1824ms)
		BeginReloadAssembly (185ms)
			ExecutionOrderSort (0ms)
			DisableScriptedObjects (7ms)
			BackupInstance (0ms)
			ReleaseScriptingObjects (0ms)
			CreateAndSetChildDomain (57ms)
		EndReloadAssembly (1514ms)
			LoadAssemblies (149ms)
			RebuildTransferFunctionScriptingTraits (0ms)
			SetupTypeCache (603ms)
			ReleaseScriptCaches (2ms)
			RebuildScriptCaches (71ms)
			SetupLoadedEditorAssemblies (531ms)
				LogAssemblyErrors (0ms)
				InitializePlatformSupportModulesInManaged (8ms)
				SetLoadedEditorAssemblies (1ms)
				RefreshPlugins (1ms)
				BeforeProcessingInitializeOnLoad (140ms)
				ProcessInitializeOnLoadAttributes (352ms)
				ProcessInitializeOnLoadMethodAttributes (15ms)
				AfterProcessingInitializeOnLoad (13ms)
				EditorAssembliesLoaded (0ms)
			ExecutionOrderSort2 (0ms)
			AwakeInstancesAfterBackupRestoration (11ms)
Platform modules already initialized, skipping
Refreshing native plugins compatible for Editor in 0.85 ms, found 2 plugins.
Preloading 0 native plugins for Editor in 0.00 ms.
Unloading 1910 Unused Serialized files (Serialized files now loaded: 0)
System memory in use before: 102.0 MB.
System memory in use after: 102.1 MB.

Unloading 11 unused Assets to reduce memory usage. Loaded Objects now: 2420.
Total: 4.562800 ms (FindLiveObjects: 0.355300 ms CreateObjectMapping: 0.111700 ms MarkObjects: 4.064700 ms  DeleteObjects: 0.028900 ms)

AssetImportParameters requested are different than current active one (requested -> active):
  custom:framework-win-MediaFoundation: 216162199b28c13a410421893ffa2e32 -> 
  custom:video-decoder-ogg-theora: a1e56fd34408186e4bbccfd4996cb3dc -> 
  custom:container-muxer-webm: aa71ff27fc2769a1b78a27578f13a17b -> 
  custom:container-demuxer-webm: 4f35f7cbe854078d1ac9338744f61a02 -> 
  custom:container-demuxer-ogg: 62fdf1f143b41e24485cea50d1cbac27 -> 
  custom:video-encoder-webm-vp8: eb34c28f22e8b96e1ab97ce403110664 -> 
  custom:video-decoder-webm-vp8: 9c59270c3fd7afecdb556c50c9e8de78 -> 
  custom:audio-decoder-ogg-vorbis: bf7c407c2cedff20999df2af8eb42d56 -> 
  custom:audio-encoder-webm-vorbis: bf7c407c2cedff20999df2af8eb42d56 -> 
========================================================================
Received Import Request.
  Time since last request: 288.691815 seconds.
  path: Assets/Prefabs/VFXs/PS_BoxParts.prefab
  artifactKey: Guid(d2f26f7e717f822478dcae36189a5136) Importer(815301076,1909f56bfc062723c751e8b465ee728b)
Start importing Assets/Prefabs/VFXs/PS_BoxParts.prefab using Guid(d2f26f7e717f822478dcae36189a5136) Importer(815301076,1909f56bfc062723c751e8b465ee728b)  -> (artifact id: 'b27d91c937e3c413e1359fda931913da') in 0.130352 seconds 
  Import took 0.136283 seconds .

========================================================================
Received Import Request.
  Time since last request: 0.250186 seconds.
  path: Assets/Prefabs/VFXs/PS_DustWhenHit.prefab
  artifactKey: Guid(4e6cd9f3417168b43838ed773a7fec67) Importer(815301076,1909f56bfc062723c751e8b465ee728b)
Start importing Assets/Prefabs/VFXs/PS_DustWhenHit.prefab using Guid(4e6cd9f3417168b43838ed773a7fec67) Importer(815301076,1909f56bfc062723c751e8b465ee728b)  -> (artifact id: '5e019567114ff7a264b83d59472c9627') in 0.039184 seconds 
  Import took 0.044975 seconds .

========================================================================
Received Prepare
Registering precompiled user dll's ...
Registered in 0.007823 seconds.
Begin MonoManager ReloadAssembly
Symbol file data-000002018E3860C0 doesn't match image C:\Users\USUARIO\Documents\GitHub\OnesRedemptionV1.1\One'sRedemption\Library\ScriptAssemblies\Unity.ProBuilder.KdTree.dll
Symbol file LoadedFromMemory is not a mono symbol file
Symbol file data-000002018D971010 doesn't match image C:\Users\USUARIO\Documents\GitHub\OnesRedemptionV1.1\One'sRedemption\Library\ScriptAssemblies\Unity.Services.Core.Editor.dll
Symbol file LoadedFromMemory is not a mono symbol file
Symbol file data-000002018D6EF010 doesn't match image C:\Users\USUARIO\Documents\GitHub\OnesRedemptionV1.1\One'sRedemption\Library\ScriptAssemblies\Unity.VSCode.Editor.dll
Symbol file LoadedFromMemory is not a mono symbol file
Symbol file data-00000201884AB1A0 doesn't match image C:\Users\USUARIO\Documents\GitHub\OnesRedemptionV1.1\One'sRedemption\Library\ScriptAssemblies\Unity.ProBuilder.AssetIdRemapUtility.dll
Symbol file LoadedFromMemory is not a mono symbol file
Symbol file data-000002018E9A5040 doesn't match image C:\Users\USUARIO\Documents\GitHub\OnesRedemptionV1.1\One'sRedemption\Library\ScriptAssemblies\Unity.ProBuilder.Stl.dll
Symbol file LoadedFromMemory is not a mono symbol file
Symbol file data-000002018A480010 doesn't match image C:\Users\USUARIO\Documents\GitHub\OnesRedemptionV1.1\One'sRedemption\Library\ScriptAssemblies\Unity.TextMeshPro.Editor.dll
Symbol file LoadedFromMemory is not a mono symbol file
Symbol file data-0000020188A83070 doesn't match image C:\Users\USUARIO\Documents\GitHub\OnesRedemptionV1.1\One'sRedemption\Library\ScriptAssemblies\Unity.VisualStudio.Editor.dll
Symbol file LoadedFromMemory is not a mono symbol file
Symbol file data-000002018C165580 doesn't match image C:\Users\USUARIO\Documents\GitHub\OnesRedemptionV1.1\One'sRedemption\Library\ScriptAssemblies\Unity.ProBuilder.AddOns.Editor.dll
Symbol file LoadedFromMemory is not a mono symbol file
Symbol file data-000002018B814020 doesn't match image C:\Users\USUARIO\Documents\GitHub\OnesRedemptionV1.1\One'sRedemption\Library\ScriptAssemblies\Unity.Settings.Editor.dll
Symbol file LoadedFromMemory is not a mono symbol file
Symbol file data-000002018882D010 doesn't match image C:\Users\USUARIO\Documents\GitHub\OnesRedemptionV1.1\One'sRedemption\Library\ScriptAssemblies\UnityEngine.TestRunner.dll
Symbol file LoadedFromMemory is not a mono symbol file
Symbol file data-000002018E9B6760 doesn't match image C:\Users\USUARIO\Documents\GitHub\OnesRedemptionV1.1\One'sRedemption\Library\ScriptAssemblies\Unity.Timeline.Editor.dll
Symbol file LoadedFromMemory is not a mono symbol file
Symbol file data-000002018B6503B0 doesn't match image C:\Users\USUARIO\Documents\GitHub\OnesRedemptionV1.1\One'sRedemption\Library\ScriptAssemblies\Unity.Timeline.dll
Symbol file LoadedFromMemory is not a mono symbol file
Symbol file data-000002018A6B7020 doesn't match image C:\Users\USUARIO\Documents\GitHub\OnesRedemptionV1.1\One'sRedemption\Library\ScriptAssemblies\Unity.TextMeshPro.dll
Symbol file LoadedFromMemory is not a mono symbol file
Symbol file data-000002018882D010 doesn't match image C:\Users\USUARIO\Documents\GitHub\OnesRedemptionV1.1\One'sRedemption\Library\ScriptAssemblies\Unity.CollabProxy.Editor.dll
Symbol file LoadedFromMemory is not a mono symbol file
Symbol file data-00000201884A7430 doesn't match image C:\Users\USUARIO\Documents\GitHub\OnesRedemptionV1.1\One'sRedemption\Library\ScriptAssemblies\Unity.ProBuilder.Csg.dll
Symbol file LoadedFromMemory is not a mono symbol file
Symbol file data-000002018B380010 doesn't match image C:\Users\USUARIO\Documents\GitHub\OnesRedemptionV1.1\One'sRedemption\Library\ScriptAssemblies\UnityEditor.TestRunner.dll
Symbol file LoadedFromMemory is not a mono symbol file
Symbol file data-000002018C19B010 doesn't match image C:\Users\USUARIO\Documents\GitHub\OnesRedemptionV1.1\One'sRedemption\Library\ScriptAssemblies\Unity.ProBuilder.dll
Symbol file LoadedFromMemory is not a mono symbol file
Symbol file data-000002018BBCF010 doesn't match image C:\Users\USUARIO\Documents\GitHub\OnesRedemptionV1.1\One'sRedemption\Library\ScriptAssemblies\Unity.ProBuilder.Editor.dll
Symbol file LoadedFromMemory is not a mono symbol file
Symbol file data-0000020188A83070 doesn't match image C:\Users\USUARIO\Documents\GitHub\OnesRedemptionV1.1\One'sRedemption\Library\ScriptAssemblies\UnityEditor.UI.dll
Symbol file LoadedFromMemory is not a mono symbol file
Symbol file data-000002018D340080 doesn't match image C:\Users\USUARIO\Documents\GitHub\OnesRedemptionV1.1\One'sRedemption\Library\ScriptAssemblies\Unity.PlasticSCM.Editor.dll
Symbol file LoadedFromMemory is not a mono symbol file
Symbol file data-00000201887E69D0 doesn't match image C:\Users\USUARIO\Documents\GitHub\OnesRedemptionV1.1\One'sRedemption\Library\ScriptAssemblies\Unity.Rider.Editor.dll
Symbol file LoadedFromMemory is not a mono symbol file
Symbol file data-00000201884BFD10 doesn't match image C:\Users\USUARIO\Documents\GitHub\OnesRedemptionV1.1\One'sRedemption\Library\ScriptAssemblies\Unity.ProGrids.Editor.dll
Symbol file LoadedFromMemory is not a mono symbol file
Symbol file data-000002018EF8AFA0 doesn't match image C:\Users\USUARIO\Documents\GitHub\OnesRedemptionV1.1\One'sRedemption\Library\ScriptAssemblies\UnityEngine.UI.dll
Symbol file LoadedFromMemory is not a mono symbol file
Symbol file data-000002018B2C40B0 doesn't match image C:\Users\USUARIO\Documents\GitHub\OnesRedemptionV1.1\One'sRedemption\Library\ScriptAssemblies\Unity.ProGrids.dll
Symbol file LoadedFromMemory is not a mono symbol file
Symbol file data-000002018C20B040 doesn't match image C:\Users\USUARIO\Documents\GitHub\OnesRedemptionV1.1\One'sRedemption\Library\ScriptAssemblies\Unity.ProBuilder.Poly2Tri.dll
Symbol file LoadedFromMemory is not a mono symbol file
Native extension for WindowsStandalone target not found
Refreshing native plugins compatible for Editor in 1.11 ms, found 2 plugins.
Preloading 0 native plugins for Editor in 0.00 ms.
Mono: successfully reloaded assembly
- Completed reload, in  2.106 seconds
Domain Reload Profiling:
	ReloadAssembly (2107ms)
		BeginReloadAssembly (243ms)
			ExecutionOrderSort (0ms)
			DisableScriptedObjects (8ms)
			BackupInstance (0ms)
			ReleaseScriptingObjects (0ms)
			CreateAndSetChildDomain (70ms)
		EndReloadAssembly (1682ms)
			LoadAssemblies (203ms)
			RebuildTransferFunctionScriptingTraits (0ms)
			SetupTypeCache (553ms)
			ReleaseScriptCaches (2ms)
			RebuildScriptCaches (91ms)
			SetupLoadedEditorAssemblies (626ms)
				LogAssemblyErrors (0ms)
				InitializePlatformSupportModulesInManaged (13ms)
				SetLoadedEditorAssemblies (2ms)
				RefreshPlugins (1ms)
				BeforeProcessingInitializeOnLoad (180ms)
				ProcessInitializeOnLoadAttributes (395ms)
				ProcessInitializeOnLoadMethodAttributes (20ms)
				AfterProcessingInitializeOnLoad (14ms)
				EditorAssembliesLoaded (0ms)
			ExecutionOrderSort2 (0ms)
			AwakeInstancesAfterBackupRestoration (12ms)
Platform modules already initialized, skipping
Refreshing native plugins compatible for Editor in 0.84 ms, found 2 plugins.
Preloading 0 native plugins for Editor in 0.00 ms.
Unloading 1910 Unused Serialized files (Serialized files now loaded: 0)
System memory in use before: 102.1 MB.
System memory in use after: 102.2 MB.

Unloading 13 unused Assets to reduce memory usage. Loaded Objects now: 2423.
Total: 4.537700 ms (FindLiveObjects: 0.344100 ms CreateObjectMapping: 0.102500 ms MarkObjects: 4.019900 ms  DeleteObjects: 0.068700 ms)

AssetImportParameters requested are different than current active one (requested -> active):
  custom:framework-win-MediaFoundation: 216162199b28c13a410421893ffa2e32 -> 
  custom:video-decoder-ogg-theora: a1e56fd34408186e4bbccfd4996cb3dc -> 
  custom:container-muxer-webm: aa71ff27fc2769a1b78a27578f13a17b -> 
  custom:container-demuxer-webm: 4f35f7cbe854078d1ac9338744f61a02 -> 
  custom:container-demuxer-ogg: 62fdf1f143b41e24485cea50d1cbac27 -> 
  custom:video-encoder-webm-vp8: eb34c28f22e8b96e1ab97ce403110664 -> 
  custom:video-decoder-webm-vp8: 9c59270c3fd7afecdb556c50c9e8de78 -> 
  custom:audio-decoder-ogg-vorbis: bf7c407c2cedff20999df2af8eb42d56 -> 
  custom:audio-encoder-webm-vorbis: bf7c407c2cedff20999df2af8eb42d56 -> 
========================================================================
Received Prepare
Registering precompiled user dll's ...
Registered in 0.009307 seconds.
Begin MonoManager ReloadAssembly
Symbol file data-000002018D58D050 doesn't match image C:\Users\USUARIO\Documents\GitHub\OnesRedemptionV1.1\One'sRedemption\Library\ScriptAssemblies\Unity.ProBuilder.KdTree.dll
Symbol file LoadedFromMemory is not a mono symbol file
Symbol file data-000002018BB88010 doesn't match image C:\Users\USUARIO\Documents\GitHub\OnesRedemptionV1.1\One'sRedemption\Library\ScriptAssemblies\Unity.Services.Core.Editor.dll
Symbol file LoadedFromMemory is not a mono symbol file
Symbol file data-000002018B819680 doesn't match image C:\Users\USUARIO\Documents\GitHub\OnesRedemptionV1.1\One'sRedemption\Library\ScriptAssemblies\Unity.VSCode.Editor.dll
Symbol file LoadedFromMemory is not a mono symbol file
Symbol file data-00000201884AB1A0 doesn't match image C:\Users\USUARIO\Documents\GitHub\OnesRedemptionV1.1\One'sRedemption\Library\ScriptAssemblies\Unity.ProBuilder.AssetIdRemapUtility.dll
Symbol file LoadedFromMemory is not a mono symbol file
Symbol file data-000002018B57F010 doesn't match image C:\Users\USUARIO\Documents\GitHub\OnesRedemptionV1.1\One'sRedemption\Library\ScriptAssemblies\Unity.ProBuilder.Stl.dll
Symbol file LoadedFromMemory is not a mono symbol file
Symbol file data-000002018DC4C010 doesn't match image C:\Users\USUARIO\Documents\GitHub\OnesRedemptionV1.1\One'sRedemption\Library\ScriptAssemblies\Unity.TextMeshPro.Editor.dll
Symbol file LoadedFromMemory is not a mono symbol file
Symbol file data-000002018D6EB070 doesn't match image C:\Users\USUARIO\Documents\GitHub\OnesRedemptionV1.1\One'sRedemption\Library\ScriptAssemblies\Unity.VisualStudio.Editor.dll
Symbol file LoadedFromMemory is not a mono symbol file
Symbol file data-000002018A0AE070 doesn't match image C:\Users\USUARIO\Documents\GitHub\OnesRedemptionV1.1\One'sRedemption\Library\ScriptAssemblies\Unity.ProBuilder.AddOns.Editor.dll
Symbol file LoadedFromMemory is not a mono symbol file
Symbol file data-000002018A533830 doesn't match image C:\Users\USUARIO\Documents\GitHub\OnesRedemptionV1.1\One'sRedemption\Library\ScriptAssemblies\Unity.Settings.Editor.dll
Symbol file LoadedFromMemory is not a mono symbol file
Symbol file data-000002018B6503B0 doesn't match image C:\Users\USUARIO\Documents\GitHub\OnesRedemptionV1.1\One'sRedemption\Library\ScriptAssemblies\UnityEngine.TestRunner.dll
Symbol file LoadedFromMemory is not a mono symbol file
Symbol file data-0000020189EB0080 doesn't match image C:\Users\USUARIO\Documents\GitHub\OnesRedemptionV1.1\One'sRedemption\Library\ScriptAssemblies\Unity.Timeline.Editor.dll
Symbol file LoadedFromMemory is not a mono symbol file
Symbol file data-000002018B6503B0 doesn't match image C:\Users\USUARIO\Documents\GitHub\OnesRedemptionV1.1\One'sRedemption\Library\ScriptAssemblies\Unity.Timeline.dll
Symbol file LoadedFromMemory is not a mono symbol file
Symbol file data-000002018DE2C010 doesn't match image C:\Users\USUARIO\Documents\GitHub\OnesRedemptionV1.1\One'sRedemption\Library\ScriptAssemblies\Unity.TextMeshPro.dll
Symbol file LoadedFromMemory is not a mono symbol file
Symbol file data-000002018B6503B0 doesn't match image C:\Users\USUARIO\Documents\GitHub\OnesRedemptionV1.1\One'sRedemption\Library\ScriptAssemblies\Unity.CollabProxy.Editor.dll
Symbol file LoadedFromMemory is not a mono symbol file
Symbol file data-000002018EF89030 doesn't match image C:\Users\USUARIO\Documents\GitHub\OnesRedemptionV1.1\One'sRedemption\Library\ScriptAssemblies\Unity.ProBuilder.Csg.dll
Symbol file LoadedFromMemory is not a mono symbol file
Symbol file data-000002018B380010 doesn't match image C:\Users\USUARIO\Documents\GitHub\OnesRedemptionV1.1\One'sRedemption\Library\ScriptAssemblies\UnityEditor.TestRunner.dll
Symbol file LoadedFromMemory is not a mono symbol file
Symbol file data-000002018BFC3020 doesn't match image C:\Users\USUARIO\Documents\GitHub\OnesRedemptionV1.1\One'sRedemption\Library\ScriptAssemblies\Unity.ProBuilder.dll
Symbol file LoadedFromMemory is not a mono symbol file
Symbol file data-000002018C19B010 doesn't match image C:\Users\USUARIO\Documents\GitHub\OnesRedemptionV1.1\One'sRedemption\Library\ScriptAssemblies\Unity.ProBuilder.Editor.dll
Symbol file LoadedFromMemory is not a mono symbol file
Symbol file data-000002018D6EB070 doesn't match image C:\Users\USUARIO\Documents\GitHub\OnesRedemptionV1.1\One'sRedemption\Library\ScriptAssemblies\UnityEditor.UI.dll
Symbol file LoadedFromMemory is not a mono symbol file
Symbol file data-000002018D340080 doesn't match image C:\Users\USUARIO\Documents\GitHub\OnesRedemptionV1.1\One'sRedemption\Library\ScriptAssemblies\Unity.PlasticSCM.Editor.dll
Symbol file LoadedFromMemory is not a mono symbol file
Symbol file data-00000201887E69D0 doesn't match image C:\Users\USUARIO\Documents\GitHub\OnesRedemptionV1.1\One'sRedemption\Library\ScriptAssemblies\Unity.Rider.Editor.dll
Symbol file LoadedFromMemory is not a mono symbol file
Symbol file data-000002018D86D050 doesn't match image C:\Users\USUARIO\Documents\GitHub\OnesRedemptionV1.1\One'sRedemption\Library\ScriptAssemblies\Unity.ProGrids.Editor.dll
Symbol file LoadedFromMemory is not a mono symbol file
Symbol file data-000002018C0D1020 doesn't match image C:\Users\USUARIO\Documents\GitHub\OnesRedemptionV1.1\One'sRedemption\Library\ScriptAssemblies\UnityEngine.UI.dll
Symbol file LoadedFromMemory is not a mono symbol file
Symbol file data-000002018B2C57D0 doesn't match image C:\Users\USUARIO\Documents\GitHub\OnesRedemptionV1.1\One'sRedemption\Library\ScriptAssemblies\Unity.ProGrids.dll
Symbol file LoadedFromMemory is not a mono symbol file
Symbol file data-000002018F345060 doesn't match image C:\Users\USUARIO\Documents\GitHub\OnesRedemptionV1.1\One'sRedemption\Library\ScriptAssemblies\Unity.ProBuilder.Poly2Tri.dll
Symbol file LoadedFromMemory is not a mono symbol file
Native extension for WindowsStandalone target not found
Refreshing native plugins compatible for Editor in 0.92 ms, found 2 plugins.
Preloading 0 native plugins for Editor in 0.00 ms.
Mono: successfully reloaded assembly
- Completed reload, in  1.911 seconds
Domain Reload Profiling:
	ReloadAssembly (1912ms)
		BeginReloadAssembly (247ms)
			ExecutionOrderSort (0ms)
			DisableScriptedObjects (14ms)
			BackupInstance (0ms)
			ReleaseScriptingObjects (0ms)
			CreateAndSetChildDomain (64ms)
		EndReloadAssembly (1516ms)
			LoadAssemblies (198ms)
			RebuildTransferFunctionScriptingTraits (0ms)
			SetupTypeCache (546ms)
			ReleaseScriptCaches (2ms)
			RebuildScriptCaches (113ms)
			SetupLoadedEditorAssemblies (486ms)
				LogAssemblyErrors (0ms)
				InitializePlatformSupportModulesInManaged (9ms)
				SetLoadedEditorAssemblies (1ms)
				RefreshPlugins (1ms)
				BeforeProcessingInitializeOnLoad (130ms)
				ProcessInitializeOnLoadAttributes (317ms)
				ProcessInitializeOnLoadMethodAttributes (15ms)
				AfterProcessingInitializeOnLoad (13ms)
				EditorAssembliesLoaded (0ms)
			ExecutionOrderSort2 (0ms)
			AwakeInstancesAfterBackupRestoration (10ms)
Platform modules already initialized, skipping
Refreshing native plugins compatible for Editor in 1.08 ms, found 2 plugins.
Preloading 0 native plugins for Editor in 0.00 ms.
Unloading 1910 Unused Serialized files (Serialized files now loaded: 0)
System memory in use before: 102.1 MB.
System memory in use after: 102.2 MB.

Unloading 11 unused Assets to reduce memory usage. Loaded Objects now: 2425.
Total: 4.959900 ms (FindLiveObjects: 0.465800 ms CreateObjectMapping: 0.115300 ms MarkObjects: 4.342600 ms  DeleteObjects: 0.033900 ms)

AssetImportParameters requested are different than current active one (requested -> active):
  custom:framework-win-MediaFoundation: 216162199b28c13a410421893ffa2e32 -> 
  custom:video-decoder-ogg-theora: a1e56fd34408186e4bbccfd4996cb3dc -> 
  custom:container-muxer-webm: aa71ff27fc2769a1b78a27578f13a17b -> 
  custom:container-demuxer-webm: 4f35f7cbe854078d1ac9338744f61a02 -> 
  custom:container-demuxer-ogg: 62fdf1f143b41e24485cea50d1cbac27 -> 
  custom:video-encoder-webm-vp8: eb34c28f22e8b96e1ab97ce403110664 -> 
  custom:video-decoder-webm-vp8: 9c59270c3fd7afecdb556c50c9e8de78 -> 
  custom:audio-decoder-ogg-vorbis: bf7c407c2cedff20999df2af8eb42d56 -> 
  custom:audio-encoder-webm-vorbis: bf7c407c2cedff20999df2af8eb42d56 -> 
AssetImportWorkerClient::OnTransportError - code=2 error=End of file
